# Y-M-D   T H:M:S     ObsNum  ObsGoal      ObgPgm    SourceName                ProjectId                      RestFreq  VLSR      TINT   RA        DEC          AZ    EL
2020-03-06T01:48:45    92176  Calibration  Cal       SEXTANS-A                 2018-S1-MU-64                  115.2712   315       5.0  152.783750  -4.704639  215.2  61.4  0 0
2020-03-06T01:49:06    92177  Science      Map(Ra)   SEXTANS-A                 2018-S1-MU-64                  115.2712   315     847.4  152.783750  -4.704639  215.8  61.3  0 0
2020-03-06T02:10:01    92178  Science      Map(Ra)   SEXTANS-A                 2018-S1-MU-64                  115.2712   315     847.5  152.783750  -4.704639  224.0  58.1  0 0

2020-03-12T00:53:36    92430  Calibration  Cal       SEXTANS-A                 2018-S1-MU-64                  115.2712   315       5.0  152.783750  -4.704639  163.6  65.5  432 0
2020-03-12T00:54:03    92431  Science      Map(Ra)   SEXTANS-A                 2018-S1-MU-64                  115.2712   315     624.0  152.783750  -4.704639  164.4  65.6  432 0
2020-03-12T01:17:10    92434  Calibration  Cal       SEXTANS-A                 2018-S1-MU-64                  115.2712   315       5.0  152.783750  -4.704639  178.0  66.4  432 0
2020-03-12T01:17:36    92435  Science      Map(Ra)   SEXTANS-A                 2018-S1-MU-64                  115.2712   315     624.1  152.783750  -4.704639  178.7  66.4  432 0
2020-03-12T01:41:20    92438  Calibration  Cal       SEXTANS-A                 2018-S1-MU-64                  115.2712   315       5.0  152.783750  -4.704639  192.9  65.9  432 0
2020-03-12T01:41:46    92439  Science      Map(Ra)   SEXTANS-A                 2018-S1-MU-64                  115.2712   315     624.0  152.783750  -4.704639  193.6  65.8  432 0
2020-03-12T02:09:22    92444  Calibration  Cal       SEXTANS-A                 2018-S1-MU-64                  115.2712   315       5.0  152.783750  -4.704639  208.4  63.5  432 0
2020-03-12T02:09:48    92445  Science      Map(Ra)   SEXTANS-A                 2018-S1-MU-64                  115.2712   315     624.0  152.783750  -4.704639  209.0  63.4  432 0
2020-03-12T02:32:39    92448  Calibration  Cal       SEXTANS-A                 2018-S1-MU-64                  115.2712   315       5.0  152.783750  -4.704639  218.9  60.5  432 0
2020-03-12T02:33:05    92449  Science      Map(Ra)   SEXTANS-A                 2018-S1-MU-64                  115.2712   315     624.0  152.783750  -4.704639  219.4  60.3  432 0
2020-03-12T02:59:45    92454  Calibration  Cal       SEXTANS-A                 2018-S1-MU-64                  115.2712   315       5.0  152.783750  -4.704639  228.6  56.0  432 0
2020-03-12T03:00:12    92455  Science      Map(Ra)   SEXTANS-A                 2018-S1-MU-64                  115.2712   315     624.0  152.783750  -4.704639  229.0  55.8  432 0
2020-03-12T03:23:20    92458  Calibration  Cal       SEXTANS-A                 2018-S1-MU-64                  115.2712   315       5.0  152.783750  -4.704639  235.2  51.6  432 0
2020-03-12T03:23:46    92459  Science      Map(Ra)   SEXTANS-A                 2018-S1-MU-64                  115.2712   315     624.0  152.783750  -4.704639  235.6  51.4  432 0
2020-03-12T03:47:05    92462  Calibration  Cal       SEXTANS-A                 2018-S1-MU-64                  115.2712   315       5.0  152.783750  -4.704639  240.6  46.9  432 0
2020-03-12T03:47:31    92463  Science      Map(Ra)   SEXTANS-A                 2018-S1-MU-64                  115.2712   315     624.1  152.783750  -4.704639  240.9  46.6  432 0
2020-03-12T04:12:57    92468  Calibration  Cal       SEXTANS-A                 2018-S1-MU-64                  115.2712   315       5.0  152.783750  -4.704639  245.6  41.2  432 0
2020-03-12T04:13:25    92469  Science      Map(Ra)   SEXTANS-A                 2018-S1-MU-64                  115.2712   315     624.0  152.783750  -4.704639  245.7  41.1  432 0
2020-03-12T04:36:29    92472  Calibration  Cal       SEXTANS-A                 2018-S1-MU-64                  115.2712   315       5.0  152.783750  -4.704639  249.2  36.1  432 0
2020-03-12T04:36:54    92473  Science      Map(Ra)   SEXTANS-A                 2018-S1-MU-64                  115.2712   315     624.1  152.783750  -4.704639  249.3  35.9  432 0

2020-03-12T23:16:42    92541  Calibration  Cal       SEXTANS-A                 2018-S1-MU-64                  115.2712   315       5.0  152.783750  -4.704639  125.4  52.1  432 0
2020-03-12T23:17:09    92542  Science      Map(Ra)   SEXTANS-A                 2018-S1-MU-64                  115.2712   315     624.0  152.783750  -4.704639  125.8  52.4  432 0
2020-03-12T23:43:15    92547  Calibration  Cal       SEXTANS-A                 2018-S1-MU-64                  115.2712   315       5.0  152.783750  -4.704639  133.2  57.0  432 0
2020-03-12T23:43:42    92548  Science      Map(Ra)   SEXTANS-A                 2018-S1-MU-64                  115.2712   315     624.0  152.783750  -4.704639  133.7  57.3  432 0
2020-03-13T00:14:59    92553  Calibration  Cal       SEXTANS-A                 2018-S1-MU-64                  115.2712   315       5.0  152.783750  -4.704639  145.6  62.0  432 0
2020-03-13T00:15:26    92554  Science      Map(Ra)   SEXTANS-A                 2018-S1-MU-64                  115.2712   315     624.1  152.783750  -4.704639  146.2  62.1  432 0
2020-03-13T00:33:01    92555  Calibration  Cal       SEXTANS-A                 2018-S1-MU-64                  115.2712   315       5.0  152.783750  -4.704639  154.8  64.2  432 0
2020-03-13T00:33:26    92556  Science      Map(Ra)   SEXTANS-A                 2018-S1-MU-64                  115.2712   315     624.1  152.783750  -4.704639  155.1  64.2  432 0
2020-03-13T00:56:08    92559  Calibration  Cal       SEXTANS-A                 2018-S1-MU-64                  115.2712   315       5.0  152.783750  -4.704639  167.5  65.9  432 0
2020-03-13T00:56:34    92560  Science      Map(Ra)   SEXTANS-A                 2018-S1-MU-64                  115.2712   315     624.0  152.783750  -4.704639  168.2  66.0  432 0
2020-03-13T01:14:50    92561  Calibration  Cal       SEXTANS-A                 2018-S1-MU-64                  115.2712   315       5.0  152.783750  -4.704639  179.5  66.4  432 0
2020-03-13T01:15:16    92562  Science      Map(Ra)   SEXTANS-A                 2018-S1-MU-64                  115.2712   315     624.1  152.783750  -4.704639  179.7  66.4  432 0
2020-03-13T01:38:34    92565  Calibration  Cal       SEXTANS-A                 2018-S1-MU-64                  115.2712   315       5.1  152.783750  -4.704639  193.6  65.8  432 0
2020-03-13T01:39:00    92566  Science      Map(Ra)   SEXTANS-A                 2018-S1-MU-64                  115.2712   315     624.1  152.783750  -4.704639  194.3  65.8  432 0
2020-03-13T01:57:00    92567  Calibration  Cal       SEXTANS-A                 2018-S1-MU-64                  115.2712   315       5.0  152.783750  -4.704639  204.4  64.3  432 0
2020-03-13T01:57:25    92568  Science      Map(Ra)   SEXTANS-A                 2018-S1-MU-64                  115.2712   315     624.0  152.783750  -4.704639  204.7  64.3  432 0
2020-03-13T02:20:35    92571  Calibration  Cal       SEXTANS-A                 2018-S1-MU-64                  115.2712   315       5.0  152.783750  -4.704639  215.5  61.6  432 0
2020-03-13T02:21:01    92572  Science      Map(Ra)   SEXTANS-A                 2018-S1-MU-64                  115.2712   315     624.0  152.783750  -4.704639  216.0  61.5  432 0
2020-03-13T02:39:08    92573  Calibration  Cal       SEXTANS-A                 2018-S1-MU-64                  115.2712   315       5.0  152.783750  -4.704639  223.3  58.7  432 0
2020-03-13T02:39:33    92574  Science      Map(Ra)   SEXTANS-A                 2018-S1-MU-64                  115.2712   315     624.0  152.783750  -4.704639  223.4  58.6  432 0
2020-03-13T03:03:17    92577  Calibration  Cal       SEXTANS-A                 2018-S1-MU-64                  115.2712   315       5.0  152.783750  -4.704639  230.9  54.7  432 0
2020-03-13T03:03:44    92578  Science      Map(Ra)   SEXTANS-A                 2018-S1-MU-64                  115.2712   315     624.1  152.783750  -4.704639  231.3  54.4  432 0
2020-03-13T03:21:59    92579  Calibration  Cal       SEXTANS-A                 2018-S1-MU-64                  115.2712   315       5.0  152.783750  -4.704639  236.1  50.9  432 0
2020-03-13T03:22:25    92580  Science      Map(Ra)   SEXTANS-A                 2018-S1-MU-64                  115.2712   315     624.0  152.783750  -4.704639  236.2  50.9  432 0
2020-03-13T03:44:20    92583  Calibration  Cal       SEXTANS-A                 2018-S1-MU-64                  115.2712   315       5.0  152.783750  -4.704639  241.0  46.5  432 0
2020-03-13T03:44:48    92584  Science      Map(Ra)   SEXTANS-A                 2018-S1-MU-64                  115.2712   315     624.1  152.783750  -4.704639  241.2  46.3  432 0
2020-03-13T04:02:30    92585  Calibration  Cal       SEXTANS-A                 2018-S1-MU-64                  115.2712   315       5.0  152.783750  -4.704639  244.5  42.6  432 0
2020-03-13T04:02:56    92586  Science      Map(Ra)   SEXTANS-A                 2018-S1-MU-64                  115.2712   315     624.0  152.783750  -4.704639  244.6  42.5  432 0
2020-03-13T04:24:28    92589  Calibration  Cal       SEXTANS-A                 2018-S1-MU-64                  115.2712   315       5.0  152.783750  -4.704639  248.0  37.8  432 0
2020-03-13T04:24:56    92590  Science      Map(Ra)   SEXTANS-A                 2018-S1-MU-64                  115.2712   315     624.0  152.783750  -4.704639  248.1  37.7  432 0

2020-03-17T23:29:22    92667  Calibration  Cal       SEXTANS-A                 2018-S1-MU-64                  115.2712   315       5.0  152.783750  -4.704639  135.2  58.0  432 0
2020-03-17T23:29:48    92668  Science      Map(Ra)   SEXTANS-A                 2018-S1-MU-64                  115.2712   315     624.1  152.783750  -4.704639  135.7  58.3  432 0
2020-03-17T23:47:54    92669  Calibration  Cal       SEXTANS-A                 2018-S1-MU-64                  115.2712   315       5.0  152.783750  -4.704639  142.8  61.1  432 0
2020-03-17T23:48:20    92670  Science      Map(Ra)   SEXTANS-A                 2018-S1-MU-64                  115.2712   315     624.0  152.783750  -4.704639  143.0  61.1  432 0
2020-03-18T00:05:52    92671  Calibration  Cal       SEXTANS-A                 2018-S1-MU-64                  115.2712   315       5.0  152.783750  -4.704639  151.0  63.4  432 0
2020-03-18T00:06:17    92672  Science      Map(Ra)   SEXTANS-A                 2018-S1-MU-64                  115.2712   315     624.0  152.783750  -4.704639  151.2  63.4  432 0
2020-03-18T00:24:00    92673  Calibration  Cal       SEXTANS-A                 2018-S1-MU-64                  115.2712   315       5.0  152.783750  -4.704639  160.6  65.2  432 0
2020-03-18T00:24:25    92674  Science      Map(Ra)   SEXTANS-A                 2018-S1-MU-64                  115.2712   315     624.1  152.783750  -4.704639  160.9  65.2  432 0
2020-03-18T00:42:11    92675  Calibration  Cal       SEXTANS-A                 2018-S1-MU-64                  115.2712   315       5.0  152.783750  -4.704639  171.4  66.2  432 0
2020-03-18T00:42:36    92676  Science      Map(Ra)   SEXTANS-A                 2018-S1-MU-64                  115.2712   315     624.0  152.783750  -4.704639  171.7  66.2  432 0
2020-03-18T01:25:03    92683  Calibration  Cal       SEXTANS-A                 2018-S1-MU-64                  115.2712   315       5.0  152.783750  -4.704639  197.2  65.4  432 0
2020-03-18T01:25:29    92684  Science      Map(Ra)   SEXTANS-A                 2018-S1-MU-64                  115.2712   315     624.0  152.783750  -4.704639  197.9  65.4  432 0
2020-03-18T01:43:14    92685  Calibration  Cal       SEXTANS-A                 2018-S1-MU-64                  115.2712   315       5.0  152.783750  -4.704639  207.5  63.7  432 0
2020-03-18T01:43:40    92686  Science      Map(Ra)   SEXTANS-A                 2018-S1-MU-64                  115.2712   315     624.0  152.783750  -4.704639  207.7  63.7  432 0
2020-03-18T02:08:53    92691  Calibration  Cal       SEXTANS-A                 2018-S1-MU-64                  115.2712   315       5.0  152.783750  -4.704639  218.8  60.5  432 0
2020-03-18T02:09:19    92692  Science      Map(Ra)   SEXTANS-A                 2018-S1-MU-64                  115.2712   315     624.0  152.783750  -4.704639  219.4  60.3  432 0
2020-03-18T02:31:06    92693  Calibration  Cal       SEXTANS-A                 2018-S1-MU-64                  115.2712   315       5.0  152.783750  -4.704639  227.3  56.8  432 0
2020-03-18T02:31:32    92694  Science      Map(Ra)   SEXTANS-A                 2018-S1-MU-64                  115.2712   315     624.0  152.783750  -4.704639  227.4  56.7  432 0
2020-03-18T02:56:29    92697  Calibration  Cal       SEXTANS-A                 2018-S1-MU-64                  115.2712   315       5.0  152.783750  -4.704639  234.4  52.3  432 0
2020-03-18T02:56:57    92698  Science      Map(Ra)   SEXTANS-A                 2018-S1-MU-64                  115.2712   315     624.0  152.783750  -4.704639  234.8  52.0  432 0
2020-03-18T03:14:59    92699  Calibration  Cal       SEXTANS-A                 2018-S1-MU-64                  115.2712   315       5.0  152.783750  -4.704639  239.0  48.4  432 0
2020-03-18T03:15:24    92700  Science      Map(Ra)   SEXTANS-A                 2018-S1-MU-64                  115.2712   315     624.0  152.783750  -4.704639  239.1  48.3  432 0
2020-03-18T03:33:26    92701  Calibration  Cal       SEXTANS-A                 2018-S1-MU-64                  115.2712   315       5.0  152.783750  -4.704639  242.8  44.6  432 0
2020-03-18T03:33:52    92702  Science      Map(Ra)   SEXTANS-A                 2018-S1-MU-64                  115.2712   315     624.0  152.783750  -4.704639  242.9  44.5  432 0

2020-03-18T23:44:34    92754  Calibration  Cal       SEXTANS-A                 2018-S1-MU-64                  115.2712   315       5.0  152.783750  -4.704639  142.6  61.0  432 0
2020-03-18T23:45:00    92755  Science      Map(Ra)   SEXTANS-A                 2018-S1-MU-64                  115.2712   315     624.1  152.783750  -4.704639  143.2  61.2  432 0
2020-03-19T00:24:02    92760  Calibration  Cal       SEXTANS-A                 2018-S1-MU-64                  115.2712   315       5.0  152.783750  -4.704639  162.4  65.4  432 0
2020-03-19T00:24:28    92761  Science      Map(Ra)   SEXTANS-A                 2018-S1-MU-64                  115.2712   315     624.0  152.783750  -4.704639  163.2  65.5  432 0
2020-03-19T00:44:23    92762  Calibration  Cal       SEXTANS-A                 2018-S1-MU-64                  115.2712   315       5.0  152.783750  -4.704639  175.2  66.4  432 0
2020-03-19T00:44:48    92763  Science      Map(Ra)   SEXTANS-A                 2018-S1-MU-64                  115.2712   315     624.0  152.783750  -4.704639  175.4  66.4  432 0
2020-03-19T01:04:35    92764  Calibration  Cal       SEXTANS-A                 2018-S1-MU-64                  115.2712   315       5.0  152.783750  -4.704639  187.8  66.2  432 0
2020-03-19T01:05:00    92765  Science      Map(Ra)   SEXTANS-A                 2018-S1-MU-64                  115.2712   315     624.0  152.783750  -4.704639  188.0  66.2  432 0
2020-03-19T01:28:43    92768  Calibration  Cal       SEXTANS-A                 2018-S1-MU-64                  115.2712   315       5.0  152.783750  -4.704639  201.5  64.8  432 0
2020-03-19T01:29:09    92769  Science      Map(Ra)   SEXTANS-A                 2018-S1-MU-64                  115.2712   315     624.0  152.783750  -4.704639  202.1  64.7  432 0
2020-03-19T01:46:52    92770  Calibration  Cal       SEXTANS-A                 2018-S1-MU-64                  115.2712   315       5.0  152.783750  -4.704639  211.2  62.8  432 0
2020-03-19T01:47:17    92771  Science      Map(Ra)   SEXTANS-A                 2018-S1-MU-64                  115.2712   315     624.1  152.783750  -4.704639  211.4  62.8  432 0
2020-03-19T02:05:13    92772  Calibration  Cal       SEXTANS-A                 2018-S1-MU-64                  115.2712   315       5.0  152.783750  -4.704639  219.3  60.3  432 0
2020-03-19T02:05:39    92773  Science      Map(Ra)   SEXTANS-A                 2018-S1-MU-64                  115.2712   315     624.1  152.783750  -4.704639  219.5  60.3  432 0
2020-03-19T02:28:55    92776  Calibration  Cal       SEXTANS-A                 2018-S1-MU-64                  115.2712   315       5.0  152.783750  -4.704639  227.6  56.6  432 0
2020-03-19T02:29:23    92777  Science      Map(Ra)   SEXTANS-A                 2018-S1-MU-64                  115.2712   315     624.0  152.783750  -4.704639  228.0  56.4  432 0
2020-03-19T02:47:42    92778  Calibration  Cal       SEXTANS-A                 2018-S1-MU-64                  115.2712   315       5.0  152.783750  -4.704639  233.4  53.0  432 0
2020-03-19T02:48:07    92779  Science      Map(Ra)   SEXTANS-A                 2018-S1-MU-64                  115.2712   315     624.0  152.783750  -4.704639  233.5  52.9  432 0
2020-03-19T03:05:57    92780  Calibration  Cal       SEXTANS-A                 2018-S1-MU-64                  115.2712   315       5.0  152.783750  -4.704639  237.9  49.4  432 0
2020-03-19T03:06:23    92781  Science      Map(Ra)   SEXTANS-A                 2018-S1-MU-64                  115.2712   315     624.0  152.783750  -4.704639  238.0  49.3  432 0
2020-03-19T03:28:11    92784  Calibration  Cal       SEXTANS-A                 2018-S1-MU-64                  115.2712   315       5.0  152.783750  -4.704639  242.5  44.9  432 0
2020-03-19T03:28:38    92785  Science      Map(Ra)   SEXTANS-A                 2018-S1-MU-64                  115.2712   315     624.0  152.783750  -4.704639  242.6  44.8  432 0
2020-03-19T03:46:15    92786  Calibration  Cal       SEXTANS-A                 2018-S1-MU-64                  115.2712   315       5.0  152.783750  -4.704639  245.8  41.0  432 0
2020-03-19T03:46:40    92787  Science      Map(Ra)   SEXTANS-A                 2018-S1-MU-64                  115.2712   315     624.0  152.783750  -4.704639  245.8  40.9  432 0

